app/build/intermediates/manifest_merge_blame_file/debug/manifest-merger-blame-debug-report.txt
1<?xml version="1.0" encoding="utf-8"?>
2<manifest xmlns:android="http://schemas.android.com/apk/res/android"
3    package="com.example.motorshop"
4    android:versionCode="1"
5    android:versionName="1.0" >
6
7    <uses-sdk
8        android:minSdkVersion="16"
8-->src\main\AndroidManifest.xml
9        android:targetSdkVersion="30" />
9-->src\main\AndroidManifest.xml
10
11    <uses-permission android:name="android.permission.INTERNET" />
11-->src\main\AndroidManifest.xml:6:5-67
11-->src\main\AndroidManifest.xml:6:22-64
12    <uses-permission android:name="android.permission.CAMERA" />
12-->src\main\AndroidManifest.xml:7:5-65
12-->src\main\AndroidManifest.xml:7:22-62
13    <uses-permission android:name="android.permission.READ_EXTERNAL_STORAGE" />
13-->src\main\AndroidManifest.xml:8:5-80
13-->src\main\AndroidManifest.xml:8:22-77
14    <uses-permission android:name="android.permission.WRITE_EXTERNAL_STORAGE" />
14-->src\main\AndroidManifest.xml:9:5-11:40
14-->src\main\AndroidManifest.xml:10:9-65
15    <uses-permission android:name="android.permission.ACCESS_NETWORK_STATE" />
15-->src\main\AndroidManifest.xml:12:5-79
15-->src\main\AndroidManifest.xml:12:22-76
16
17    <application
17-->src\main\AndroidManifest.xml:14:5-57:19
18        android:name="androidx.multidex.MultiDexApplication"
19        android:allowBackup="true"
19-->src\main\AndroidManifest.xml:15:9-35
20        android:appComponentFactory="androidx.core.app.CoreComponentFactory"
20-->[androidx.core:core:1.5.0] AndroidManifest.xml:24:18-86
21        android:debuggable="true"
22        android:fullBackupContent="true"
22-->src\main\AndroidManifest.xml:16:9-41
23        android:icon="@mipmap/ic_launcher"
23-->src\main\AndroidManifest.xml:17:9-43
24        android:label="@string/app_name"
24-->src\main\AndroidManifest.xml:18:9-41
25        android:requestLegacyExternalStorage="true"
25-->src\main\AndroidManifest.xml:19:9-52
26        android:roundIcon="@mipmap/ic_launcher_round"
26-->src\main\AndroidManifest.xml:20:9-54
27        android:supportsRtl="true"
27-->src\main\AndroidManifest.xml:21:9-35
28        android:testOnly="true"
29        android:theme="@style/Theme.MotorShop"
29-->src\main\AndroidManifest.xml:22:9-47
30        android:usesCleartextTraffic="true" >
30-->src\main\AndroidManifest.xml:23:9-44
31        <activity
31-->src\main\AndroidManifest.xml:26:9-28:70
32            android:name="com.example.motorshop.activity.product.ChiTietXeActivity"
32-->src\main\AndroidManifest.xml:27:13-54
33            android:parentActivityName="com.example.motorshop.activity.product.QuanLyXeActivity" />
33-->src\main\AndroidManifest.xml:28:13-67
34        <activity
34-->src\main\AndroidManifest.xml:29:9-31:63
35            android:name="com.example.motorshop.activity.product.QuanLyPhuTungActivity"
35-->src\main\AndroidManifest.xml:30:13-58
36            android:parentActivityName="com.example.motorshop.activity.main.MainActivity" />
36-->src\main\AndroidManifest.xml:31:13-60
37        <activity android:name="com.example.motorshop.activity.product.SuaPhuTungActivity" />
37-->src\main\AndroidManifest.xml:32:9-64
37-->src\main\AndroidManifest.xml:32:19-61
38        <activity android:name="com.example.motorshop.activity.product.ThemPhuTungActivity" />
38-->src\main\AndroidManifest.xml:33:9-65
38-->src\main\AndroidManifest.xml:33:19-62
39        <activity android:name="com.example.motorshop.activity.product.SuaXeActivity" />
39-->src\main\AndroidManifest.xml:34:9-59
39-->src\main\AndroidManifest.xml:34:19-56
40        <activity android:name="com.example.motorshop.activity.product.ThemXeActivity" />
40-->src\main\AndroidManifest.xml:35:9-60
40-->src\main\AndroidManifest.xml:35:19-57
41        <activity
41-->src\main\AndroidManifest.xml:36:9-38:63
42            android:name="com.example.motorshop.activity.product.QuanLyXeActivity"
42-->src\main\AndroidManifest.xml:37:13-53
43            android:parentActivityName="com.example.motorshop.activity.main.MainActivity" />
43-->src\main\AndroidManifest.xml:38:13-60
44        <activity android:name="com.example.motorshop.activity.login.LoginActivity" >
44-->src\main\AndroidManifest.xml:40:9-46:20
44-->src\main\AndroidManifest.xml:40:19-54
45            <intent-filter>
45-->src\main\AndroidManifest.xml:41:13-45:29
46                <action android:name="android.intent.action.MAIN" />
46-->src\main\AndroidManifest.xml:42:17-69
46-->src\main\AndroidManifest.xml:42:25-66
47
48                <category android:name="android.intent.category.LAUNCHER" />
48-->src\main\AndroidManifest.xml:44:17-77
48-->src\main\AndroidManifest.xml:44:27-74
49            </intent-filter>
50        </activity>
51        <activity
51-->src\main\AndroidManifest.xml:48:9-50:65
52            android:name="com.example.motorshop.activity.login.VerifyActivity"
52-->src\main\AndroidManifest.xml:49:13-49
53            android:parentActivityName="com.example.motorshop.activity.login.LoginActivity" />
53-->src\main\AndroidManifest.xml:50:13-62
54        <activity
54-->src\main\AndroidManifest.xml:52:9-54:65
55            android:name="com.example.motorshop.activity.main.MainActivity"
55-->src\main\AndroidManifest.xml:53:13-46
56            android:parentActivityName="com.example.motorshop.activity.login.LoginActivity" />
56-->src\main\AndroidManifest.xml:54:13-62
57
58        <provider
58-->[gun0912.ted:tedbottompicker:2.0.1] AndroidManifest.xml:14:9-22:20
59            android:name="androidx.core.content.FileProvider"
59-->[gun0912.ted:tedbottompicker:2.0.1] AndroidManifest.xml:15:13-62
60            android:authorities="com.example.motorshop.provider"
60-->[gun0912.ted:tedbottompicker:2.0.1] AndroidManifest.xml:16:13-60
61            android:exported="false"
61-->[gun0912.ted:tedbottompicker:2.0.1] AndroidManifest.xml:17:13-37
62            android:grantUriPermissions="true" >
62-->[gun0912.ted:tedbottompicker:2.0.1] AndroidManifest.xml:18:13-47
63            <meta-data
63-->[gun0912.ted:tedbottompicker:2.0.1] AndroidManifest.xml:19:13-21:58
64                android:name="android.support.FILE_PROVIDER_PATHS"
64-->[gun0912.ted:tedbottompicker:2.0.1] AndroidManifest.xml:20:17-67
65                android:resource="@xml/provider_paths" />
65-->[gun0912.ted:tedbottompicker:2.0.1] AndroidManifest.xml:21:17-55
66        </provider>
67
68        <activity
68-->[gun0912.ted:tedpermission:2.2.3] AndroidManifest.xml:10:9-14:67
69            android:name="com.gun0912.tedpermission.TedPermissionActivity"
69-->[gun0912.ted:tedpermission:2.2.3] AndroidManifest.xml:11:13-75
70            android:configChanges="mcc|mnc|locale|keyboard|keyboardHidden|screenLayout|fontScale|uiMode|orientation|screenSize|layoutDirection"
70-->[gun0912.ted:tedpermission:2.2.3] AndroidManifest.xml:12:13-144
71            android:screenOrientation="unspecified"
71-->[gun0912.ted:tedpermission:2.2.3] AndroidManifest.xml:13:13-52
72            android:theme="@style/Theme.Transparent.Permission" />
72-->[gun0912.ted:tedpermission:2.2.3] AndroidManifest.xml:14:13-64
73        <activity
73-->[gun0912.ted:tedonactivityresult:1.0.6] AndroidManifest.xml:10:9-14:75
74            android:name="com.gun0912.tedonactivityresult.ProxyActivity"
74-->[gun0912.ted:tedonactivityresult:1.0.6] AndroidManifest.xml:11:13-73
75            android:configChanges="mcc|mnc|locale|keyboard|keyboardHidden|screenLayout|fontScale|uiMode|orientation|screenSize|layoutDirection"
75-->[gun0912.ted:tedonactivityresult:1.0.6] AndroidManifest.xml:12:13-144
76            android:screenOrientation="unspecified"
76-->[gun0912.ted:tedonactivityresult:1.0.6] AndroidManifest.xml:13:13-52
77            android:theme="@style/android:Theme.Translucent.NoTitleBar" />
77-->[gun0912.ted:tedonactivityresult:1.0.6] AndroidManifest.xml:14:13-72
78    </application>
79
80</manifest>